<?xml version="1.0" encoding="UTF-8"?>
<testsuite name="io.fortumo.AppTest" time="8.279" tests="8" errors="0" skipped="0" failures="0">
  <properties>
[...]
</properties>
  <testcase name="testRetrieveSingleRecord" classname="io.fortumo.AppTest" time="0.649"/>
  <testcase name="testRetrieveSingleRecordCountry1" classname="io.fortumo.AppTest" time="0.026"/>
  <testcase name="testRetrieveSingleRecordCountry2" classname="io.fortumo.AppTest" time="0.022"/>
  <testcase name="testRetrieveQuarterReport" classname="io.fortumo.AppTest" time="2.663"/>
  <testcase name="testRetrieveSingleDayReport" classname="io.fortumo.AppTest" time="1.365"/>
  <testcase name="testRetrieveQuarterReport2" classname="io.fortumo.AppTest" time="1.666"/>
  <testcase name="testRetrieveSingleRecordCountry" classname="io.fortumo.AppTest" time="0.021"/>
  <testcase name="testRetrieveSingleDayReport2" classname="io.fortumo.AppTest" time="1.867"/>
</testsuite>